<?xml version="1.0" encoding="UTF-8"?>
<testsuite xmlns:xsi="http://www.w3.org/2001/XMLSchema-instance" xsi:noNamespaceSchemaLocation="https://maven.apache.org/surefire/maven-surefire-plugin/xsd/surefire-test-report-3.0.xsd" version="3.0" name="TestSuite" time="78.152" tests="6" errors="0" skipped="0" failures="0">
  <properties>
    <property name="java.specification.version" value="17"/>
    <property name="sun.cpu.isalist" value="amd64"/>
    <property name="sun.jnu.encoding" value="Cp1252"/>
    <property name="java.class.path" value="C:\Users\Administrator\seleniumWD\parallel-universe\target\test-classes;C:\Users\Administrator\seleniumWD\parallel-universe\target\classes;C:\windows\system32\config\systemprofile\.m2\repository\org\testng\testng\7.8.0\testng-7.8.0.jar;C:\windows\system32\config\systemprofile\.m2\repository\org\slf4j\slf4j-api\1.7.36\slf4j-api-1.7.36.jar;C:\windows\system32\config\systemprofile\.m2\repository\com\beust\jcommander\1.82\jcommander-1.82.jar;C:\windows\system32\config\systemprofile\.m2\repository\org\webjars\jquery\3.6.1\jquery-3.6.1.jar;C:\windows\system32\config\systemprofile\.m2\repository\io\rest-assured\rest-assured-all\5.3.2\rest-assured-all-5.3.2.jar;C:\windows\system32\config\systemprofile\.m2\repository\org\apache\groovy\groovy\4.0.11\groovy-4.0.11.jar;C:\windows\system32\config\systemprofile\.m2\repository\org\apache\commons\commons-lang3\3.11\commons-lang3-3.11.jar;C:\windows\system32\config\systemprofile\.m2\repository\org\apache\groovy\groovy-xml\4.0.11\groovy-xml-4.0.11.jar;C:\windows\system32\config\systemprofile\.m2\repository\org\ccil\cowan\tagsoup\tagsoup\1.2.1\tagsoup-1.2.1.jar;C:\windows\system32\config\systemprofile\.m2\repository\org\apache\groovy\groovy-json\4.0.11\groovy-json-4.0.11.jar;C:\windows\system32\config\systemprofile\.m2\repository\io\rest-assured\rest-assured\5.3.2\rest-assured-5.3.2.jar;C:\windows\system32\config\systemprofile\.m2\repository\org\apache\httpcomponents\httpclient\4.5.13\httpclient-4.5.13.jar;C:\windows\system32\config\systemprofile\.m2\repository\org\apache\httpcomponents\httpcore\4.4.13\httpcore-4.4.13.jar;C:\windows\system32\config\systemprofile\.m2\repository\commons-logging\commons-logging\1.2\commons-logging-1.2.jar;C:\windows\system32\config\systemprofile\.m2\repository\commons-codec\commons-codec\1.11\commons-codec-1.11.jar;C:\windows\system32\config\systemprofile\.m2\repository\org\apache\httpcomponents\httpmime\4.5.13\httpmime-4.5.13.jar;C:\windows\system32\config\systemprofile\.m2\repository\org\hamcrest\hamcrest\2.2\hamcrest-2.2.jar;C:\windows\system32\config\systemprofile\.m2\repository\io\rest-assured\json-path\5.3.2\json-path-5.3.2.jar;C:\windows\system32\config\systemprofile\.m2\repository\io\rest-assured\rest-assured-common\5.3.2\rest-assured-common-5.3.2.jar;C:\windows\system32\config\systemprofile\.m2\repository\io\rest-assured\xml-path\5.3.2\xml-path-5.3.2.jar;C:\windows\system32\config\systemprofile\.m2\repository\io\rest-assured\json-schema-validator\5.3.2\json-schema-validator-5.3.2.jar;C:\windows\system32\config\systemprofile\.m2\repository\com\github\java-json-tools\json-schema-validator\2.2.14\json-schema-validator-2.2.14.jar;C:\windows\system32\config\systemprofile\.m2\repository\com\github\java-json-tools\jackson-coreutils-equivalence\1.0\jackson-coreutils-equivalence-1.0.jar;C:\windows\system32\config\systemprofile\.m2\repository\com\fasterxml\jackson\core\jackson-databind\2.11.0\jackson-databind-2.11.0.jar;C:\windows\system32\config\systemprofile\.m2\repository\com\fasterxml\jackson\core\jackson-annotations\2.11.0\jackson-annotations-2.11.0.jar;C:\windows\system32\config\systemprofile\.m2\repository\com\fasterxml\jackson\core\jackson-core\2.11.0\jackson-core-2.11.0.jar;C:\windows\system32\config\systemprofile\.m2\repository\com\github\java-json-tools\jackson-coreutils\2.0\jackson-coreutils-2.0.jar;C:\windows\system32\config\systemprofile\.m2\repository\com\github\java-json-tools\msg-simple\1.2\msg-simple-1.2.jar;C:\windows\system32\config\systemprofile\.m2\repository\com\github\java-json-tools\btf\1.3\btf-1.3.jar;C:\windows\system32\config\systemprofile\.m2\repository\com\github\java-json-tools\json-schema-core\1.2.14\json-schema-core-1.2.14.jar;C:\windows\system32\config\systemprofile\.m2\repository\com\github\java-json-tools\uri-template\0.10\uri-template-0.10.jar;C:\windows\system32\config\systemprofile\.m2\repository\org\mozilla\rhino\1.7.7.2\rhino-1.7.7.2.jar;C:\windows\system32\config\systemprofile\.m2\repository\com\sun\mail\mailapi\1.6.2\mailapi-1.6.2.jar;C:\windows\system32\config\systemprofile\.m2\repository\joda-time\joda-time\2.10.5\joda-time-2.10.5.jar;C:\windows\system32\config\systemprofile\.m2\repository\com\googlecode\libphonenumber\libphonenumber\8.11.1\libphonenumber-8.11.1.jar;C:\windows\system32\config\systemprofile\.m2\repository\com\google\code\findbugs\jsr305\3.0.2\jsr305-3.0.2.jar;C:\windows\system32\config\systemprofile\.m2\repository\net\sf\jopt-simple\jopt-simple\5.0.4\jopt-simple-5.0.4.jar;C:\windows\system32\config\systemprofile\.m2\repository\com\google\guava\guava\32.0.1-jre\guava-32.0.1-jre.jar;C:\windows\system32\config\systemprofile\.m2\repository\com\google\guava\failureaccess\1.0.1\failureaccess-1.0.1.jar;C:\windows\system32\config\systemprofile\.m2\repository\com\google\guava\listenablefuture\9999.0-empty-to-avoid-conflict-with-guava\listenablefuture-9999.0-empty-to-avoid-conflict-with-guava.jar;C:\windows\system32\config\systemprofile\.m2\repository\org\checkerframework\checker-qual\3.33.0\checker-qual-3.33.0.jar;C:\windows\system32\config\systemprofile\.m2\repository\com\google\errorprone\error_prone_annotations\2.18.0\error_prone_annotations-2.18.0.jar;C:\windows\system32\config\systemprofile\.m2\repository\com\google\j2objc\j2objc-annotations\2.8\j2objc-annotations-2.8.jar;C:\windows\system32\config\systemprofile\.m2\repository\org\seleniumhq\selenium\selenium-java\4.11.0\selenium-java-4.11.0.jar;C:\windows\system32\config\systemprofile\.m2\repository\org\seleniumhq\selenium\selenium-api\4.11.0\selenium-api-4.11.0.jar;C:\windows\system32\config\systemprofile\.m2\repository\org\seleniumhq\selenium\selenium-chrome-driver\4.11.0\selenium-chrome-driver-4.11.0.jar;C:\windows\system32\config\systemprofile\.m2\repository\com\google\auto\service\auto-service-annotations\1.0.1\auto-service-annotations-1.0.1.jar;C:\windows\system32\config\systemprofile\.m2\repository\org\seleniumhq\selenium\selenium-chromium-driver\4.11.0\selenium-chromium-driver-4.11.0.jar;C:\windows\system32\config\systemprofile\.m2\repository\org\seleniumhq\selenium\selenium-json\4.11.0\selenium-json-4.11.0.jar;C:\windows\system32\config\systemprofile\.m2\repository\org\seleniumhq\selenium\selenium-manager\4.11.0\selenium-manager-4.11.0.jar;C:\windows\system32\config\systemprofile\.m2\repository\org\seleniumhq\selenium\selenium-devtools-v113\4.11.0\selenium-devtools-v113-4.11.0.jar;C:\windows\system32\config\systemprofile\.m2\repository\org\seleniumhq\selenium\selenium-devtools-v114\4.11.0\selenium-devtools-v114-4.11.0.jar;C:\windows\system32\config\systemprofile\.m2\repository\org\seleniumhq\selenium\selenium-devtools-v115\4.11.0\selenium-devtools-v115-4.11.0.jar;C:\windows\system32\config\systemprofile\.m2\repository\org\seleniumhq\selenium\selenium-devtools-v85\4.11.0\selenium-devtools-v85-4.11.0.jar;C:\windows\system32\config\systemprofile\.m2\repository\org\seleniumhq\selenium\selenium-edge-driver\4.11.0\selenium-edge-driver-4.11.0.jar;C:\windows\system32\config\systemprofile\.m2\repository\org\seleniumhq\selenium\selenium-firefox-driver\4.11.0\selenium-firefox-driver-4.11.0.jar;C:\windows\system32\config\systemprofile\.m2\repository\org\seleniumhq\selenium\selenium-http\4.11.0\selenium-http-4.11.0.jar;C:\windows\system32\config\systemprofile\.m2\repository\dev\failsafe\failsafe\3.3.1\failsafe-3.3.1.jar;C:\windows\system32\config\systemprofile\.m2\repository\org\seleniumhq\selenium\selenium-ie-driver\4.11.0\selenium-ie-driver-4.11.0.jar;C:\windows\system32\config\systemprofile\.m2\repository\org\seleniumhq\selenium\selenium-remote-driver\4.11.0\selenium-remote-driver-4.11.0.jar;C:\windows\system32\config\systemprofile\.m2\repository\io\netty\netty-buffer\4.1.92.Final\netty-buffer-4.1.92.Final.jar;C:\windows\system32\config\systemprofile\.m2\repository\io\netty\netty-codec-http\4.1.92.Final\netty-codec-http-4.1.92.Final.jar;C:\windows\system32\config\systemprofile\.m2\repository\io\netty\netty-codec\4.1.92.Final\netty-codec-4.1.92.Final.jar;C:\windows\system32\config\systemprofile\.m2\repository\io\netty\netty-handler\4.1.92.Final\netty-handler-4.1.92.Final.jar;C:\windows\system32\config\systemprofile\.m2\repository\io\netty\netty-common\4.1.92.Final\netty-common-4.1.92.Final.jar;C:\windows\system32\config\systemprofile\.m2\repository\io\netty\netty-transport-classes-epoll\4.1.92.Final\netty-transport-classes-epoll-4.1.92.Final.jar;C:\windows\system32\config\systemprofile\.m2\repository\io\netty\netty-transport-classes-kqueue\4.1.92.Final\netty-transport-classes-kqueue-4.1.92.Final.jar;C:\windows\system32\config\systemprofile\.m2\repository\io\netty\netty-transport-native-epoll\4.1.92.Final\netty-transport-native-epoll-4.1.92.Final.jar;C:\windows\system32\config\systemprofile\.m2\repository\io\netty\netty-transport-native-kqueue\4.1.92.Final\netty-transport-native-kqueue-4.1.92.Final.jar;C:\windows\system32\config\systemprofile\.m2\repository\io\netty\netty-transport-native-unix-common\4.1.92.Final\netty-transport-native-unix-common-4.1.92.Final.jar;C:\windows\system32\config\systemprofile\.m2\repository\io\netty\netty-transport\4.1.92.Final\netty-transport-4.1.92.Final.jar;C:\windows\system32\config\systemprofile\.m2\repository\io\netty\netty-resolver\4.1.92.Final\netty-resolver-4.1.92.Final.jar;C:\windows\system32\config\systemprofile\.m2\repository\io\opentelemetry\opentelemetry-api\1.26.0\opentelemetry-api-1.26.0.jar;C:\windows\system32\config\systemprofile\.m2\repository\io\opentelemetry\opentelemetry-context\1.26.0\opentelemetry-context-1.26.0.jar;C:\windows\system32\config\systemprofile\.m2\repository\io\opentelemetry\opentelemetry-exporter-logging\1.26.0\opentelemetry-exporter-logging-1.26.0.jar;C:\windows\system32\config\systemprofile\.m2\repository\io\opentelemetry\opentelemetry-sdk-metrics\1.26.0\opentelemetry-sdk-metrics-1.26.0.jar;C:\windows\system32\config\systemprofile\.m2\repository\io\opentelemetry\opentelemetry-extension-incubator\1.26.0-alpha\opentelemetry-extension-incubator-1.26.0-alpha.jar;C:\windows\system32\config\systemprofile\.m2\repository\io\opentelemetry\opentelemetry-sdk-logs\1.26.0-alpha\opentelemetry-sdk-logs-1.26.0-alpha.jar;C:\windows\system32\config\systemprofile\.m2\repository\io\opentelemetry\opentelemetry-api-logs\1.26.0-alpha\opentelemetry-api-logs-1.26.0-alpha.jar;C:\windows\system32\config\systemprofile\.m2\repository\io\opentelemetry\opentelemetry-api-events\1.26.0-alpha\opentelemetry-api-events-1.26.0-alpha.jar;C:\windows\system32\config\systemprofile\.m2\repository\io\opentelemetry\opentelemetry-sdk-common\1.26.0\opentelemetry-sdk-common-1.26.0.jar;C:\windows\system32\config\systemprofile\.m2\repository\io\opentelemetry\opentelemetry-sdk-extension-autoconfigure-spi\1.26.0\opentelemetry-sdk-extension-autoconfigure-spi-1.26.0.jar;C:\windows\system32\config\systemprofile\.m2\repository\io\opentelemetry\opentelemetry-sdk-extension-autoconfigure\1.26.0-alpha\opentelemetry-sdk-extension-autoconfigure-1.26.0-alpha.jar;C:\windows\system32\config\systemprofile\.m2\repository\io\opentelemetry\opentelemetry-sdk-trace\1.26.0\opentelemetry-sdk-trace-1.26.0.jar;C:\windows\system32\config\systemprofile\.m2\repository\io\opentelemetry\opentelemetry-sdk\1.26.0\opentelemetry-sdk-1.26.0.jar;C:\windows\system32\config\systemprofile\.m2\repository\io\opentelemetry\opentelemetry-semconv\1.26.0-alpha\opentelemetry-semconv-1.26.0-alpha.jar;C:\windows\system32\config\systemprofile\.m2\repository\net\bytebuddy\byte-buddy\1.14.4\byte-buddy-1.14.4.jar;C:\windows\system32\config\systemprofile\.m2\repository\org\apache\commons\commons-exec\1.3\commons-exec-1.3.jar;C:\windows\system32\config\systemprofile\.m2\repository\org\asynchttpclient\async-http-client\2.12.3\async-http-client-2.12.3.jar;C:\windows\system32\config\systemprofile\.m2\repository\org\asynchttpclient\async-http-client-netty-utils\2.12.3\async-http-client-netty-utils-2.12.3.jar;C:\windows\system32\config\systemprofile\.m2\repository\io\netty\netty-codec-socks\4.1.60.Final\netty-codec-socks-4.1.60.Final.jar;C:\windows\system32\config\systemprofile\.m2\repository\io\netty\netty-handler-proxy\4.1.60.Final\netty-handler-proxy-4.1.60.Final.jar;C:\windows\system32\config\systemprofile\.m2\repository\io\netty\netty-transport-native-epoll\4.1.60.Final\netty-transport-native-epoll-4.1.60.Final-linux-x86_64.jar;C:\windows\system32\config\systemprofile\.m2\repository\io\netty\netty-transport-native-kqueue\4.1.60.Final\netty-transport-native-kqueue-4.1.60.Final-osx-x86_64.jar;C:\windows\system32\config\systemprofile\.m2\repository\com\typesafe\netty\netty-reactive-streams\2.0.4\netty-reactive-streams-2.0.4.jar;C:\windows\system32\config\systemprofile\.m2\repository\com\sun\activation\jakarta.activation\1.2.2\jakarta.activation-1.2.2.jar;C:\windows\system32\config\systemprofile\.m2\repository\org\seleniumhq\selenium\selenium-safari-driver\4.11.0\selenium-safari-driver-4.11.0.jar;C:\windows\system32\config\systemprofile\.m2\repository\org\seleniumhq\selenium\selenium-support\4.11.0\selenium-support-4.11.0.jar;C:\windows\system32\config\systemprofile\.m2\repository\io\appium\java-client\8.5.0\java-client-8.5.0.jar;C:\windows\system32\config\systemprofile\.m2\repository\com\google\code\gson\gson\2.10.1\gson-2.10.1.jar;C:\windows\system32\config\systemprofile\.m2\repository\cglib\cglib\3.3.0\cglib-3.3.0.jar;C:\windows\system32\config\systemprofile\.m2\repository\org\ow2\asm\asm\7.1\asm-7.1.jar;C:\windows\system32\config\systemprofile\.m2\repository\commons-validator\commons-validator\1.7\commons-validator-1.7.jar;C:\windows\system32\config\systemprofile\.m2\repository\commons-beanutils\commons-beanutils\1.9.4\commons-beanutils-1.9.4.jar;C:\windows\system32\config\systemprofile\.m2\repository\commons-digester\commons-digester\2.1\commons-digester-2.1.jar;C:\windows\system32\config\systemprofile\.m2\repository\commons-collections\commons-collections\3.2.2\commons-collections-3.2.2.jar;C:\windows\system32\config\systemprofile\.m2\repository\commons-io\commons-io\2.11.0\commons-io-2.11.0.jar;C:\windows\system32\config\systemprofile\.m2\repository\com\aventstack\extentreports\5.0.9\extentreports-5.0.9.jar;C:\windows\system32\config\systemprofile\.m2\repository\io\reactivex\rxjava3\rxjava\3.0.4\rxjava-3.0.4.jar;C:\windows\system32\config\systemprofile\.m2\repository\org\reactivestreams\reactive-streams\1.0.3\reactive-streams-1.0.3.jar;C:\windows\system32\config\systemprofile\.m2\repository\org\freemarker\freemarker\2.3.30\freemarker-2.3.30.jar;C:\windows\system32\config\systemprofile\.m2\repository\org\projectlombok\lombok\1.18.30\lombok-1.18.30.jar;C:\windows\system32\config\systemprofile\.m2\repository\org\apache\poi\poi-ooxml-schemas\4.1.2\poi-ooxml-schemas-4.1.2.jar;C:\windows\system32\config\systemprofile\.m2\repository\org\apache\xmlbeans\xmlbeans\3.1.0\xmlbeans-3.1.0.jar;C:\windows\system32\config\systemprofile\.m2\repository\org\apache\poi\poi-ooxml\3.9\poi-ooxml-3.9.jar;C:\windows\system32\config\systemprofile\.m2\repository\org\apache\poi\poi\3.9\poi-3.9.jar;C:\windows\system32\config\systemprofile\.m2\repository\dom4j\dom4j\1.6.1\dom4j-1.6.1.jar;C:\windows\system32\config\systemprofile\.m2\repository\xml-apis\xml-apis\1.0.b2\xml-apis-1.0.b2.jar;C:\windows\system32\config\systemprofile\.m2\repository\org\apache\logging\log4j\log4j-core\2.19.0\log4j-core-2.19.0.jar;C:\windows\system32\config\systemprofile\.m2\repository\org\apache\logging\log4j\log4j-api\2.19.0\log4j-api-2.19.0.jar;C:\windows\system32\config\systemprofile\.m2\repository\org\slf4j\slf4j-log4j12\1.7.26\slf4j-log4j12-1.7.26.jar;C:\windows\system32\config\systemprofile\.m2\repository\log4j\log4j\1.2.17\log4j-1.2.17.jar;C:\windows\system32\config\systemprofile\.m2\repository\org\apache\logging\log4j\log4j-1.2-api\2.20.0\log4j-1.2-api-2.20.0.jar;"/>
    <property name="java.vm.vendor" value="Oracle Corporation"/>
    <property name="sun.arch.data.model" value="64"/>
    <property name="user.variant" value=""/>
    <property name="java.vendor.url" value="https://java.oracle.com/"/>
    <property name="user.timezone" value="Asia/Karachi"/>
    <property name="os.name" value="Windows 10"/>
    <property name="java.vm.specification.version" value="17"/>
    <property name="sun.java.launcher" value="SUN_STANDARD"/>
    <property name="user.country" value="US"/>
    <property name="sun.boot.library.path" value="C:\Program Files\Java\jdk-17\bin"/>
    <property name="sun.java.command" value="C:\Windows\Temp\surefire1861946295653539544\surefirebooter-20231204204649533_3.jar C:\Windows\Temp\surefire1861946295653539544 2023-12-04T20-46-49_157-jvmRun1 surefire-20231204204649533_1tmp surefire_0-20231204204649533_2tmp"/>
    <property name="jdk.debug" value="release"/>
    <property name="surefire.test.class.path" value="C:\Users\Administrator\seleniumWD\parallel-universe\target\test-classes;C:\Users\Administrator\seleniumWD\parallel-universe\target\classes;C:\windows\system32\config\systemprofile\.m2\repository\org\testng\testng\7.8.0\testng-7.8.0.jar;C:\windows\system32\config\systemprofile\.m2\repository\org\slf4j\slf4j-api\1.7.36\slf4j-api-1.7.36.jar;C:\windows\system32\config\systemprofile\.m2\repository\com\beust\jcommander\1.82\jcommander-1.82.jar;C:\windows\system32\config\systemprofile\.m2\repository\org\webjars\jquery\3.6.1\jquery-3.6.1.jar;C:\windows\system32\config\systemprofile\.m2\repository\io\rest-assured\rest-assured-all\5.3.2\rest-assured-all-5.3.2.jar;C:\windows\system32\config\systemprofile\.m2\repository\org\apache\groovy\groovy\4.0.11\groovy-4.0.11.jar;C:\windows\system32\config\systemprofile\.m2\repository\org\apache\commons\commons-lang3\3.11\commons-lang3-3.11.jar;C:\windows\system32\config\systemprofile\.m2\repository\org\apache\groovy\groovy-xml\4.0.11\groovy-xml-4.0.11.jar;C:\windows\system32\config\systemprofile\.m2\repository\org\ccil\cowan\tagsoup\tagsoup\1.2.1\tagsoup-1.2.1.jar;C:\windows\system32\config\systemprofile\.m2\repository\org\apache\groovy\groovy-json\4.0.11\groovy-json-4.0.11.jar;C:\windows\system32\config\systemprofile\.m2\repository\io\rest-assured\rest-assured\5.3.2\rest-assured-5.3.2.jar;C:\windows\system32\config\systemprofile\.m2\repository\org\apache\httpcomponents\httpclient\4.5.13\httpclient-4.5.13.jar;C:\windows\system32\config\systemprofile\.m2\repository\org\apache\httpcomponents\httpcore\4.4.13\httpcore-4.4.13.jar;C:\windows\system32\config\systemprofile\.m2\repository\commons-logging\commons-logging\1.2\commons-logging-1.2.jar;C:\windows\system32\config\systemprofile\.m2\repository\commons-codec\commons-codec\1.11\commons-codec-1.11.jar;C:\windows\system32\config\systemprofile\.m2\repository\org\apache\httpcomponents\httpmime\4.5.13\httpmime-4.5.13.jar;C:\windows\system32\config\systemprofile\.m2\repository\org\hamcrest\hamcrest\2.2\hamcrest-2.2.jar;C:\windows\system32\config\systemprofile\.m2\repository\io\rest-assured\json-path\5.3.2\json-path-5.3.2.jar;C:\windows\system32\config\systemprofile\.m2\repository\io\rest-assured\rest-assured-common\5.3.2\rest-assured-common-5.3.2.jar;C:\windows\system32\config\systemprofile\.m2\repository\io\rest-assured\xml-path\5.3.2\xml-path-5.3.2.jar;C:\windows\system32\config\systemprofile\.m2\repository\io\rest-assured\json-schema-validator\5.3.2\json-schema-validator-5.3.2.jar;C:\windows\system32\config\systemprofile\.m2\repository\com\github\java-json-tools\json-schema-validator\2.2.14\json-schema-validator-2.2.14.jar;C:\windows\system32\config\systemprofile\.m2\repository\com\github\java-json-tools\jackson-coreutils-equivalence\1.0\jackson-coreutils-equivalence-1.0.jar;C:\windows\system32\config\systemprofile\.m2\repository\com\fasterxml\jackson\core\jackson-databind\2.11.0\jackson-databind-2.11.0.jar;C:\windows\system32\config\systemprofile\.m2\repository\com\fasterxml\jackson\core\jackson-annotations\2.11.0\jackson-annotations-2.11.0.jar;C:\windows\system32\config\systemprofile\.m2\repository\com\fasterxml\jackson\core\jackson-core\2.11.0\jackson-core-2.11.0.jar;C:\windows\system32\config\systemprofile\.m2\repository\com\github\java-json-tools\jackson-coreutils\2.0\jackson-coreutils-2.0.jar;C:\windows\system32\config\systemprofile\.m2\repository\com\github\java-json-tools\msg-simple\1.2\msg-simple-1.2.jar;C:\windows\system32\config\systemprofile\.m2\repository\com\github\java-json-tools\btf\1.3\btf-1.3.jar;C:\windows\system32\config\systemprofile\.m2\repository\com\github\java-json-tools\json-schema-core\1.2.14\json-schema-core-1.2.14.jar;C:\windows\system32\config\systemprofile\.m2\repository\com\github\java-json-tools\uri-template\0.10\uri-template-0.10.jar;C:\windows\system32\config\systemprofile\.m2\repository\org\mozilla\rhino\1.7.7.2\rhino-1.7.7.2.jar;C:\windows\system32\config\systemprofile\.m2\repository\com\sun\mail\mailapi\1.6.2\mailapi-1.6.2.jar;C:\windows\system32\config\systemprofile\.m2\repository\joda-time\joda-time\2.10.5\joda-time-2.10.5.jar;C:\windows\system32\config\systemprofile\.m2\repository\com\googlecode\libphonenumber\libphonenumber\8.11.1\libphonenumber-8.11.1.jar;C:\windows\system32\config\systemprofile\.m2\repository\com\google\code\findbugs\jsr305\3.0.2\jsr305-3.0.2.jar;C:\windows\system32\config\systemprofile\.m2\repository\net\sf\jopt-simple\jopt-simple\5.0.4\jopt-simple-5.0.4.jar;C:\windows\system32\config\systemprofile\.m2\repository\com\google\guava\guava\32.0.1-jre\guava-32.0.1-jre.jar;C:\windows\system32\config\systemprofile\.m2\repository\com\google\guava\failureaccess\1.0.1\failureaccess-1.0.1.jar;C:\windows\system32\config\systemprofile\.m2\repository\com\google\guava\listenablefuture\9999.0-empty-to-avoid-conflict-with-guava\listenablefuture-9999.0-empty-to-avoid-conflict-with-guava.jar;C:\windows\system32\config\systemprofile\.m2\repository\org\checkerframework\checker-qual\3.33.0\checker-qual-3.33.0.jar;C:\windows\system32\config\systemprofile\.m2\repository\com\google\errorprone\error_prone_annotations\2.18.0\error_prone_annotations-2.18.0.jar;C:\windows\system32\config\systemprofile\.m2\repository\com\google\j2objc\j2objc-annotations\2.8\j2objc-annotations-2.8.jar;C:\windows\system32\config\systemprofile\.m2\repository\org\seleniumhq\selenium\selenium-java\4.11.0\selenium-java-4.11.0.jar;C:\windows\system32\config\systemprofile\.m2\repository\org\seleniumhq\selenium\selenium-api\4.11.0\selenium-api-4.11.0.jar;C:\windows\system32\config\systemprofile\.m2\repository\org\seleniumhq\selenium\selenium-chrome-driver\4.11.0\selenium-chrome-driver-4.11.0.jar;C:\windows\system32\config\systemprofile\.m2\repository\com\google\auto\service\auto-service-annotations\1.0.1\auto-service-annotations-1.0.1.jar;C:\windows\system32\config\systemprofile\.m2\repository\org\seleniumhq\selenium\selenium-chromium-driver\4.11.0\selenium-chromium-driver-4.11.0.jar;C:\windows\system32\config\systemprofile\.m2\repository\org\seleniumhq\selenium\selenium-json\4.11.0\selenium-json-4.11.0.jar;C:\windows\system32\config\systemprofile\.m2\repository\org\seleniumhq\selenium\selenium-manager\4.11.0\selenium-manager-4.11.0.jar;C:\windows\system32\config\systemprofile\.m2\repository\org\seleniumhq\selenium\selenium-devtools-v113\4.11.0\selenium-devtools-v113-4.11.0.jar;C:\windows\system32\config\systemprofile\.m2\repository\org\seleniumhq\selenium\selenium-devtools-v114\4.11.0\selenium-devtools-v114-4.11.0.jar;C:\windows\system32\config\systemprofile\.m2\repository\org\seleniumhq\selenium\selenium-devtools-v115\4.11.0\selenium-devtools-v115-4.11.0.jar;C:\windows\system32\config\systemprofile\.m2\repository\org\seleniumhq\selenium\selenium-devtools-v85\4.11.0\selenium-devtools-v85-4.11.0.jar;C:\windows\system32\config\systemprofile\.m2\repository\org\seleniumhq\selenium\selenium-edge-driver\4.11.0\selenium-edge-driver-4.11.0.jar;C:\windows\system32\config\systemprofile\.m2\repository\org\seleniumhq\selenium\selenium-firefox-driver\4.11.0\selenium-firefox-driver-4.11.0.jar;C:\windows\system32\config\systemprofile\.m2\repository\org\seleniumhq\selenium\selenium-http\4.11.0\selenium-http-4.11.0.jar;C:\windows\system32\config\systemprofile\.m2\repository\dev\failsafe\failsafe\3.3.1\failsafe-3.3.1.jar;C:\windows\system32\config\systemprofile\.m2\repository\org\seleniumhq\selenium\selenium-ie-driver\4.11.0\selenium-ie-driver-4.11.0.jar;C:\windows\system32\config\systemprofile\.m2\repository\org\seleniumhq\selenium\selenium-remote-driver\4.11.0\selenium-remote-driver-4.11.0.jar;C:\windows\system32\config\systemprofile\.m2\repository\io\netty\netty-buffer\4.1.92.Final\netty-buffer-4.1.92.Final.jar;C:\windows\system32\config\systemprofile\.m2\repository\io\netty\netty-codec-http\4.1.92.Final\netty-codec-http-4.1.92.Final.jar;C:\windows\system32\config\systemprofile\.m2\repository\io\netty\netty-codec\4.1.92.Final\netty-codec-4.1.92.Final.jar;C:\windows\system32\config\systemprofile\.m2\repository\io\netty\netty-handler\4.1.92.Final\netty-handler-4.1.92.Final.jar;C:\windows\system32\config\systemprofile\.m2\repository\io\netty\netty-common\4.1.92.Final\netty-common-4.1.92.Final.jar;C:\windows\system32\config\systemprofile\.m2\repository\io\netty\netty-transport-classes-epoll\4.1.92.Final\netty-transport-classes-epoll-4.1.92.Final.jar;C:\windows\system32\config\systemprofile\.m2\repository\io\netty\netty-transport-classes-kqueue\4.1.92.Final\netty-transport-classes-kqueue-4.1.92.Final.jar;C:\windows\system32\config\systemprofile\.m2\repository\io\netty\netty-transport-native-epoll\4.1.92.Final\netty-transport-native-epoll-4.1.92.Final.jar;C:\windows\system32\config\systemprofile\.m2\repository\io\netty\netty-transport-native-kqueue\4.1.92.Final\netty-transport-native-kqueue-4.1.92.Final.jar;C:\windows\system32\config\systemprofile\.m2\repository\io\netty\netty-transport-native-unix-common\4.1.92.Final\netty-transport-native-unix-common-4.1.92.Final.jar;C:\windows\system32\config\systemprofile\.m2\repository\io\netty\netty-transport\4.1.92.Final\netty-transport-4.1.92.Final.jar;C:\windows\system32\config\systemprofile\.m2\repository\io\netty\netty-resolver\4.1.92.Final\netty-resolver-4.1.92.Final.jar;C:\windows\system32\config\systemprofile\.m2\repository\io\opentelemetry\opentelemetry-api\1.26.0\opentelemetry-api-1.26.0.jar;C:\windows\system32\config\systemprofile\.m2\repository\io\opentelemetry\opentelemetry-context\1.26.0\opentelemetry-context-1.26.0.jar;C:\windows\system32\config\systemprofile\.m2\repository\io\opentelemetry\opentelemetry-exporter-logging\1.26.0\opentelemetry-exporter-logging-1.26.0.jar;C:\windows\system32\config\systemprofile\.m2\repository\io\opentelemetry\opentelemetry-sdk-metrics\1.26.0\opentelemetry-sdk-metrics-1.26.0.jar;C:\windows\system32\config\systemprofile\.m2\repository\io\opentelemetry\opentelemetry-extension-incubator\1.26.0-alpha\opentelemetry-extension-incubator-1.26.0-alpha.jar;C:\windows\system32\config\systemprofile\.m2\repository\io\opentelemetry\opentelemetry-sdk-logs\1.26.0-alpha\opentelemetry-sdk-logs-1.26.0-alpha.jar;C:\windows\system32\config\systemprofile\.m2\repository\io\opentelemetry\opentelemetry-api-logs\1.26.0-alpha\opentelemetry-api-logs-1.26.0-alpha.jar;C:\windows\system32\config\systemprofile\.m2\repository\io\opentelemetry\opentelemetry-api-events\1.26.0-alpha\opentelemetry-api-events-1.26.0-alpha.jar;C:\windows\system32\config\systemprofile\.m2\repository\io\opentelemetry\opentelemetry-sdk-common\1.26.0\opentelemetry-sdk-common-1.26.0.jar;C:\windows\system32\config\systemprofile\.m2\repository\io\opentelemetry\opentelemetry-sdk-extension-autoconfigure-spi\1.26.0\opentelemetry-sdk-extension-autoconfigure-spi-1.26.0.jar;C:\windows\system32\config\systemprofile\.m2\repository\io\opentelemetry\opentelemetry-sdk-extension-autoconfigure\1.26.0-alpha\opentelemetry-sdk-extension-autoconfigure-1.26.0-alpha.jar;C:\windows\system32\config\systemprofile\.m2\repository\io\opentelemetry\opentelemetry-sdk-trace\1.26.0\opentelemetry-sdk-trace-1.26.0.jar;C:\windows\system32\config\systemprofile\.m2\repository\io\opentelemetry\opentelemetry-sdk\1.26.0\opentelemetry-sdk-1.26.0.jar;C:\windows\system32\config\systemprofile\.m2\repository\io\opentelemetry\opentelemetry-semconv\1.26.0-alpha\opentelemetry-semconv-1.26.0-alpha.jar;C:\windows\system32\config\systemprofile\.m2\repository\net\bytebuddy\byte-buddy\1.14.4\byte-buddy-1.14.4.jar;C:\windows\system32\config\systemprofile\.m2\repository\org\apache\commons\commons-exec\1.3\commons-exec-1.3.jar;C:\windows\system32\config\systemprofile\.m2\repository\org\asynchttpclient\async-http-client\2.12.3\async-http-client-2.12.3.jar;C:\windows\system32\config\systemprofile\.m2\repository\org\asynchttpclient\async-http-client-netty-utils\2.12.3\async-http-client-netty-utils-2.12.3.jar;C:\windows\system32\config\systemprofile\.m2\repository\io\netty\netty-codec-socks\4.1.60.Final\netty-codec-socks-4.1.60.Final.jar;C:\windows\system32\config\systemprofile\.m2\repository\io\netty\netty-handler-proxy\4.1.60.Final\netty-handler-proxy-4.1.60.Final.jar;C:\windows\system32\config\systemprofile\.m2\repository\io\netty\netty-transport-native-epoll\4.1.60.Final\netty-transport-native-epoll-4.1.60.Final-linux-x86_64.jar;C:\windows\system32\config\systemprofile\.m2\repository\io\netty\netty-transport-native-kqueue\4.1.60.Final\netty-transport-native-kqueue-4.1.60.Final-osx-x86_64.jar;C:\windows\system32\config\systemprofile\.m2\repository\com\typesafe\netty\netty-reactive-streams\2.0.4\netty-reactive-streams-2.0.4.jar;C:\windows\system32\config\systemprofile\.m2\repository\com\sun\activation\jakarta.activation\1.2.2\jakarta.activation-1.2.2.jar;C:\windows\system32\config\systemprofile\.m2\repository\org\seleniumhq\selenium\selenium-safari-driver\4.11.0\selenium-safari-driver-4.11.0.jar;C:\windows\system32\config\systemprofile\.m2\repository\org\seleniumhq\selenium\selenium-support\4.11.0\selenium-support-4.11.0.jar;C:\windows\system32\config\systemprofile\.m2\repository\io\appium\java-client\8.5.0\java-client-8.5.0.jar;C:\windows\system32\config\systemprofile\.m2\repository\com\google\code\gson\gson\2.10.1\gson-2.10.1.jar;C:\windows\system32\config\systemprofile\.m2\repository\cglib\cglib\3.3.0\cglib-3.3.0.jar;C:\windows\system32\config\systemprofile\.m2\repository\org\ow2\asm\asm\7.1\asm-7.1.jar;C:\windows\system32\config\systemprofile\.m2\repository\commons-validator\commons-validator\1.7\commons-validator-1.7.jar;C:\windows\system32\config\systemprofile\.m2\repository\commons-beanutils\commons-beanutils\1.9.4\commons-beanutils-1.9.4.jar;C:\windows\system32\config\systemprofile\.m2\repository\commons-digester\commons-digester\2.1\commons-digester-2.1.jar;C:\windows\system32\config\systemprofile\.m2\repository\commons-collections\commons-collections\3.2.2\commons-collections-3.2.2.jar;C:\windows\system32\config\systemprofile\.m2\repository\commons-io\commons-io\2.11.0\commons-io-2.11.0.jar;C:\windows\system32\config\systemprofile\.m2\repository\com\aventstack\extentreports\5.0.9\extentreports-5.0.9.jar;C:\windows\system32\config\systemprofile\.m2\repository\io\reactivex\rxjava3\rxjava\3.0.4\rxjava-3.0.4.jar;C:\windows\system32\config\systemprofile\.m2\repository\org\reactivestreams\reactive-streams\1.0.3\reactive-streams-1.0.3.jar;C:\windows\system32\config\systemprofile\.m2\repository\org\freemarker\freemarker\2.3.30\freemarker-2.3.30.jar;C:\windows\system32\config\systemprofile\.m2\repository\org\projectlombok\lombok\1.18.30\lombok-1.18.30.jar;C:\windows\system32\config\systemprofile\.m2\repository\org\apache\poi\poi-ooxml-schemas\4.1.2\poi-ooxml-schemas-4.1.2.jar;C:\windows\system32\config\systemprofile\.m2\repository\org\apache\xmlbeans\xmlbeans\3.1.0\xmlbeans-3.1.0.jar;C:\windows\system32\config\systemprofile\.m2\repository\org\apache\poi\poi-ooxml\3.9\poi-ooxml-3.9.jar;C:\windows\system32\config\systemprofile\.m2\repository\org\apache\poi\poi\3.9\poi-3.9.jar;C:\windows\system32\config\systemprofile\.m2\repository\dom4j\dom4j\1.6.1\dom4j-1.6.1.jar;C:\windows\system32\config\systemprofile\.m2\repository\xml-apis\xml-apis\1.0.b2\xml-apis-1.0.b2.jar;C:\windows\system32\config\systemprofile\.m2\repository\org\apache\logging\log4j\log4j-core\2.19.0\log4j-core-2.19.0.jar;C:\windows\system32\config\systemprofile\.m2\repository\org\apache\logging\log4j\log4j-api\2.19.0\log4j-api-2.19.0.jar;C:\windows\system32\config\systemprofile\.m2\repository\org\slf4j\slf4j-log4j12\1.7.26\slf4j-log4j12-1.7.26.jar;C:\windows\system32\config\systemprofile\.m2\repository\log4j\log4j\1.2.17\log4j-1.2.17.jar;C:\windows\system32\config\systemprofile\.m2\repository\org\apache\logging\log4j\log4j-1.2-api\2.20.0\log4j-1.2-api-2.20.0.jar;"/>
    <property name="sun.cpu.endian" value="little"/>
    <property name="user.home" value="C:\windows\system32\config\systemprofile"/>
    <property name="user.language" value="en"/>
    <property name="java.specification.vendor" value="Oracle Corporation"/>
    <property name="java.version.date" value="2023-07-18"/>
    <property name="java.home" value="C:\Program Files\Java\jdk-17"/>
    <property name="file.separator" value="\"/>
    <property name="basedir" value="C:\Users\Administrator\seleniumWD\parallel-universe"/>
    <property name="java.vm.compressedOopsMode" value="Zero based"/>
    <property name="line.separator" value="&#10;"/>
    <property name="java.vm.specification.vendor" value="Oracle Corporation"/>
    <property name="java.specification.name" value="Java Platform API Specification"/>
    <property name="surefire.real.class.path" value="C:\Windows\Temp\surefire1861946295653539544\surefirebooter-20231204204649533_3.jar"/>
    <property name="user.script" value=""/>
    <property name="sun.management.compiler" value="HotSpot 64-Bit Tiered Compilers"/>
    <property name="java.runtime.version" value="17.0.8+9-LTS-211"/>
    <property name="user.name" value="MININT-6SH45PE$"/>
    <property name="path.separator" value=";"/>
    <property name="os.version" value="10.0"/>
    <property name="java.runtime.name" value="Java(TM) SE Runtime Environment"/>
    <property name="file.encoding" value="Cp1252"/>
    <property name="java.vm.name" value="Java HotSpot(TM) 64-Bit Server VM"/>
    <property name="localRepository" value="C:\windows\system32\config\systemprofile\.m2\repository"/>
    <property name="java.vendor.url.bug" value="https://bugreport.java.com/bugreport/"/>
    <property name="java.io.tmpdir" value="C:\windows\TEMP\"/>
    <property name="java.version" value="17.0.8"/>
    <property name="user.dir" value="C:\Users\Administrator\seleniumWD\parallel-universe"/>
    <property name="os.arch" value="amd64"/>
    <property name="java.vm.specification.name" value="Java Virtual Machine Specification"/>
    <property name="sun.os.patch.level" value=""/>
    <property name="native.encoding" value="Cp1252"/>
    <property name="java.library.path" value="C:\Program Files\Java\jdk-17\bin;C:\windows\Sun\Java\bin;C:\windows\system32;C:\windows;C:\ProgramData\Jenkins\.jenkins\tools\hudson.tasks.Maven_MavenInstallation\Maven/bin;C:\Program Files\Java\jdk-17/bin;C:\ProgramData\Jenkins\.jenkins\tools\chromedriver;C:\Program Files\Java\jdk-17/bin;C:\Program Files\Common Files\Oracle\Java\javapath;C:\Python311\Scripts\;C:\Python311\;C:\Program Files\OpenLogic\jdk-11.0.19.7-hotspot\bin;C:\windows\system32;C:\windows;C:\windows\System32\Wbem;C:\windows\System32\WindowsPowerShell\v1.0\;C:\windows\System32\OpenSSH\;C:\Program Files\nodejs\;C:\ProgramData\chocolatey\bin;C:\Ruby27-x64\bin;C:\Program Files\Git\cmd;C:\Users\Administrator\AppData\Local\Android\Sdk\platform-tools;C:\Users\Administrator\AppData\Local\Android\Sdk;C:\Users\Administrator\AppData\Local\Android\Sdk\emulator;C:\Program Files\OpenLogic\jdk-11.0.19.7-hotspot;C:\Program Files\Docker\Docker\resources\bin;C:\Program Files\apache-maven-3.9.5\bin;C:\windows\system32\config\systemprofile\AppData\Local\Microsoft\WindowsApps;."/>
    <property name="java.vm.info" value="mixed mode, sharing"/>
    <property name="java.vendor" value="Oracle Corporation"/>
    <property name="java.vm.version" value="17.0.8+9-LTS-211"/>
    <property name="sun.io.unicode.encoding" value="UnicodeLittle"/>
    <property name="java.class.version" value="61.0"/>
  </properties>
  <testcase name="loginTest" classname="com.parallel.universe.tests.SauceDemoWebTest" time="14.767">
    <system-out><![CDATA[null
null
null
20:46:59.203 INFO  - Chrome browser initiated from base class
20:46:59.364 INFO  - Chrome browser maximize from base class
20:46:59.375 INFO  - Driver initiated
20:47:01.221 INFO  - Title verified
]]></system-out>
    <system-err><![CDATA[log4j:WARN No appenders could be found for logger (org.testng.TestNG).
log4j:WARN Please initialize the log4j system properly.
log4j:WARN See http://logging.apache.org/log4j/1.2/faq.html#noconfig for more info.
]]></system-err>
  </testcase>
  <testcase name="loginTestFailed" classname="com.parallel.universe.tests.SauceDemoWebTest" time="3.0">
    <system-out><![CDATA[20:47:18.185 INFO  - Chrome browser initiated from base class
20:47:18.317 INFO  - Chrome browser maximize from base class
]]></system-out>
  </testcase>
  <testcase name="productSelect" classname="com.parallel.universe.tests.SauceDemoWebTest" time="8.218">
    <system-out><![CDATA[20:47:24.942 INFO  - Chrome browser initiated from base class
20:47:25.081 INFO  - Chrome browser maximize from base class
20:47:25.082 INFO  - Driver initiated
20:47:25.895 INFO  - Title verified
]]></system-out>
  </testcase>
  <testcase name="PreferenceTest" classname="com.parallel.universe.tests.AppiumTestScenarios" time="19.544">
    <system-out><![CDATA[I am in beforeMethod - Appium
t
ty
http://127.0.0.1:4723/
true
null
&amp#27;[35m[Appium]&amp#27;[39m Welcome to Appium v2.1.3
&amp#27;[35m[Appium]&amp#27;[39m Non-default server args:
&amp#27;[35m[Appium]&amp#27;[39m { address: &amp#27;[32m'127.0.0.1'&amp#27;[39m, localTimezone: &amp#27;[33mtrue&amp#27;[39m }
&amp#27;[35m[Appium]&amp#27;[39m Appium REST http interface listener started on http://127.0.0.1:4723
&amp#27;[35m[Appium]&amp#27;[39m No drivers have been installed in C:\windows\system32\config\systemprofile\.appium. Use the "appium driver" command to install the one(s) you want to use.
&amp#27;[35m[Appium]&amp#27;[39m No plugins have been installed. Use the "appium plugin" command to install the one(s) you want to use.
pref1
pref2
]]></system-out>
  </testcase>
  <testcase name="DashboardLayoutFinmarkCS" classname="com.parallel.universe.tests.APITestScenarios" time="1.854">
    <system-out><![CDATA[I am in afterMethod - Appium
Appium Server Stopped
I am in start of beforeMethod - API
USA
PpC3C6TQmIIyL6heOV9UCv1kfZ3odFz1
bu9508@10pearls.com
I am in Dashboard layout of finmark
HTTP/1.1 200 
Date: Mon, 04 Dec 2023 15:48:04 GMT
Content-Type: application/json
Transfer-Encoding: chunked
Connection: keep-alive
Vary: origin,access-control-request-method,access-control-request-headers,accept-encoding
X-Content-Type-Options: nosniff
X-XSS-Protection: 1; mode=block
Cache-Control: no-cache, no-store, max-age=0, must-revalidate
Pragma: no-cache
Expires: 0
Strict-Transport-Security: max-age=31536000 ; includeSubDomains
X-Frame-Options: DENY
Content-Encoding: gzip

{
    "data": [
        {
            "id": "8257a216-7a7a-463c-9b3f-75233161f1f2",
            "scenarioId": 6044,
            "items": [
                {
                    "id": "b769a17f-84d7-41ab-a13d-1f01b19bfde6",
                    "dashboardLayoutId": "8257a216-7a7a-463c-9b3f-75233161f1f2",
                    "key": "runway",
                    "type": "System",
                    "meta": {
                        "h": 2,
                        "w": 6,
                        "x": 0,
                        "y": 0
                    },
                    "createdDate": "2023-10-31T12:49:12.693964Z",
                    "modifiedDate": "2023-10-31T12:49:12.693964Z"
                },
                {
                    "id": "c0c3988d-d132-41de-a4ca-d8c9ba2de083",
                    "dashboardLayoutId": "8257a216-7a7a-463c-9b3f-75233161f1f2",
                    "key": "burnRate",
                    "type": "System",
                    "meta": {
                        "h": 2,
                        "w": 6,
                        "x": 6,
                        "y": 0
                    },
                    "createdDate": "2023-10-31T12:49:12.748743Z",
                    "modifiedDate": "2023-10-31T12:49:12.748743Z"
                },
                {
                    "id": "2d938885-09c6-4396-82e9-6ac086649cb2",
                    "dashboardLayoutId": "8257a216-7a7a-463c-9b3f-75233161f1f2",
                    "key": "totalRevenue",
                    "type": "System",
                    "meta": {
                        "h": 2,
                        "w": 6,
                        "x": 0,
                        "y": 2
                    },
                    "createdDate": "2023-10-31T12:49:12.752927Z",
                    "modifiedDate": "2023-10-31T12:49:12.752927Z"
                },
                {
                    "id": "e0a37ced-2f0f-4e67-8e55-5061dbc70ecc",
                    "dashboardLayoutId": "8257a216-7a7a-463c-9b3f-75233161f1f2",
                    "key": "newRevenue",
                    "type": "System",
                    "meta": {
                        "h": 2,
                        "w": 6,
                        "x": 6,
                        "y": 2
                    },
                    "createdDate": "2023-10-31T12:49:12.762226Z",
                    "modifiedDate": "2023-10-31T12:49:12.762226Z"
                },
                {
                    "id": "bae3a7d2-61e9-474e-8a71-00c0aa2b59e5",
                    "dashboardLayoutId": "8257a216-7a7a-463c-9b3f-75233161f1f2",
                    "key": "totalMrr",
                    "type": "System",
                    "meta": {
                        "h": 2,
                        "w": 4,
                        "x": 0,
                        "y": 4
                    },
                    "createdDate": "2023-10-31T12:49:12.764542Z",
                    "modifiedDate": "2023-10-31T12:49:12.764542Z"
                },
                {
                    "id": "cac6c58f-441c-41d4-9ab7-498767af3ee2",
                    "dashboardLayoutId": "8257a216-7a7a-463c-9b3f-75233161f1f2",
                    "key": "newMrr",
                    "type": "System",
                    "meta": {
                        "h": 2,
                        "w": 4,
                        "x": 4,
                        "y": 4
                    },
                    "createdDate": "2023-10-31T12:49:12.766721Z",
                    "modifiedDate": "2023-10-31T12:49:12.766721Z"
                },
                {
                    "id": "27c2db6a-2fbc-4c96-bf29-7fa621d20e75",
                    "dashboardLayoutId": "8257a216-7a7a-463c-9b3f-75233161f1f2",
                    "key": "churnMrr",
                    "type": "System",
                    "meta": {
                        "h": 2,
                        "w": 4,
                        "x": 8,
                        "y": 4
                    },
                    "createdDate": "2023-10-31T12:49:12.77127Z",
                    "modifiedDate": "2023-10-31T12:49:12.77127Z"
                },
                {
                    "id": "9ec03a53-15af-4fff-8d9b-b6f158ba8095",
                    "dashboardLayoutId": "8257a216-7a7a-463c-9b3f-75233161f1f2",
                    "key": "newCustomers",
                    "type": "System",
                    "meta": {
                        "h": 2,
                        "w": 6,
                        "x": 0,
                        "y": 6
                    },
                    "createdDate": "2023-10-31T12:49:12.772916Z",
                    "modifiedDate": "2023-10-31T12:49:12.772916Z"
                },
                {
                    "id": "241087a4-911c-44a8-99a8-3da83df8f2a8",
                    "dashboardLayoutId": "8257a216-7a7a-463c-9b3f-75233161f1f2",
                    "key": "logoChurn",
                    "type": "System",
                    "meta": {
                        "h": 2,
                        "w": 6,
                        "x": 6,
                        "y": 6
                    },
                    "createdDate": "2023-10-31T12:49:12.774589Z",
                    "modifiedDate": "2023-10-31T12:49:12.774589Z"
                },
                {
                    "id": "a565e876-4412-4bd7-90ec-84674d79f0ca",
                    "dashboardLayoutId": "8257a216-7a7a-463c-9b3f-75233161f1f2",
                    "key": "totalExpenses",
                    "type": "System",
                    "meta": {
                        "h": 2,
                        "w": 6,
                        "x": 0,
                        "y": 8
                    },
                    "createdDate": "2023-10-31T12:49:12.78008Z",
                    "modifiedDate": "2023-10-31T12:49:12.78008Z"
                },
                {
                    "id": "0b3ac220-0875-408e-9b33-c14639ae88cf",
                    "dashboardLayoutId": "8257a216-7a7a-463c-9b3f-75233161f1f2",
                    "key": "totalPayroll",
                    "type": "System",
                    "meta": {
                        "h": 2,
                        "w": 6,
                        "x": 6,
                        "y": 8
                    },
                    "createdDate": "2023-10-31T12:49:12.788727Z",
                    "modifiedDate": "2023-10-31T12:49:12.788727Z"
                },
                {
                    "id": "4b8be44e-c456-4259-bb5a-ca72a9f02b6f",
                    "dashboardLayoutId": "8257a216-7a7a-463c-9b3f-75233161f1f2",
                    "key": "ARPA",
                    "type": "System",
                    "meta": {
                        "h": 2,
                        "w": 4,
                        "x": 0,
                        "y": 10
                    },
                    "createdDate": "2023-10-31T12:49:12.793431Z",
                    "modifiedDate": "2023-10-31T12:49:12.793431Z"
                },
                {
                    "id": "26496d55-00e6-41cc-a778-c42eda1ead2c",
                    "dashboardLayoutId": "8257a216-7a7a-463c-9b3f-75233161f1f2",
                    "key": "totalCustomers",
                    "type": "System",
                    "meta": {
                        "h": 2,
                        "w": 4,
                        "x": 4,
                        "y": 10
                    },
                    "createdDate": "2023-10-31T12:49:12.799186Z",
                    "modifiedDate": "2023-10-31T12:49:12.799186Z"
                },
                {
                    "id": "09aaf5d9-6036-4efe-b153-09da6e029add",
                    "dashboardLayoutId": "8257a216-7a7a-463c-9b3f-75233161f1f2",
                    "key": "grossMargin",
                    "type": "System",
                    "meta": {
                        "h": 2,
                        "w": 4,
                        "x": 8,
                        "y": 10
                    },
                    "createdDate": "2023-10-31T12:49:12.801299Z",
                    "modifiedDate": "2023-10-31T12:49:12.801299Z"
                },
                {
                    "id": "752731c8-c056-45d4-af20-d9990975bfc5",
                    "dashboardLayoutId": "8257a216-7a7a-463c-9b3f-75233161f1f2",
                    "key": "customerLTV",
                    "type": "System",
                    "meta": {
                        "h": 2,
                        "w": 4,
                        "x": 0,
                        "y": 12
                    },
                    "createdDate": "2023-10-31T12:49:12.803472Z",
                    "modifiedDate": "2023-10-31T12:49:12.803472Z"
                },
                {
                    "id": "07188893-c86a-42aa-ac26-97351671797a",
                    "dashboardLayoutId": "8257a216-7a7a-463c-9b3f-75233161f1f2",
                    "key": "CAC",
                    "type": "System",
                    "meta": {
                        "h": 2,
                        "w": 4,
                        "x": 4,
                        "y": 12
                    },
                    "createdDate": "2023-10-31T12:49:12.810025Z",
                    "modifiedDate": "2023-10-31T12:49:12.810025Z"
                },
                {
                    "id": "2d7025ac-8fb6-4eab-9fd5-2e7a4c6ad01e",
                    "dashboardLayoutId": "8257a216-7a7a-463c-9b3f-75233161f1f2",
                    "key": "CACPayback",
                    "type": "System",
                    "meta": {
                        "h": 2,
                        "w": 4,
                        "x": 8,
                        "y": 12
                    },
                    "createdDate": "2023-10-31T12:49:12.813677Z",
                    "modifiedDate": "2023-10-31T12:49:12.813677Z"
                }
            ],
            "createdDate": "2023-10-31T12:49:12.535526Z",
            "modifiedDate": "2023-10-31T12:49:12.535526Z",
            "name": "Default",
            "isDefault": true
        }
    ],
    "error": null,
    "success": true
}
]]></system-out>
  </testcase>
  <testcase name="DashboardLayoutWithAssert" classname="com.parallel.universe.tests.APITestScenarios" time="1.604">
    <system-out><![CDATA[I am in afterMethod - API
I am in start of beforeMethod - API
USA
PpC3C6TQmIIyL6heOV9UCv1kfZ3odFz1
bu9508@10pearls.com
{"data":[{"id":"8257a216-7a7a-463c-9b3f-75233161f1f2","scenarioId":6044,"items":[{"id":"b769a17f-84d7-41ab-a13d-1f01b19bfde6","dashboardLayoutId":"8257a216-7a7a-463c-9b3f-75233161f1f2","key":"runway","type":"System","meta":{"h":2,"w":6,"x":0,"y":0},"createdDate":"2023-10-31T12:49:12.693964Z","modifiedDate":"2023-10-31T12:49:12.693964Z"},{"id":"c0c3988d-d132-41de-a4ca-d8c9ba2de083","dashboardLayoutId":"8257a216-7a7a-463c-9b3f-75233161f1f2","key":"burnRate","type":"System","meta":{"h":2,"w":6,"x":6,"y":0},"createdDate":"2023-10-31T12:49:12.748743Z","modifiedDate":"2023-10-31T12:49:12.748743Z"},{"id":"2d938885-09c6-4396-82e9-6ac086649cb2","dashboardLayoutId":"8257a216-7a7a-463c-9b3f-75233161f1f2","key":"totalRevenue","type":"System","meta":{"h":2,"w":6,"x":0,"y":2},"createdDate":"2023-10-31T12:49:12.752927Z","modifiedDate":"2023-10-31T12:49:12.752927Z"},{"id":"e0a37ced-2f0f-4e67-8e55-5061dbc70ecc","dashboardLayoutId":"8257a216-7a7a-463c-9b3f-75233161f1f2","key":"newRevenue","type":"System","meta":{"h":2,"w":6,"x":6,"y":2},"createdDate":"2023-10-31T12:49:12.762226Z","modifiedDate":"2023-10-31T12:49:12.762226Z"},{"id":"bae3a7d2-61e9-474e-8a71-00c0aa2b59e5","dashboardLayoutId":"8257a216-7a7a-463c-9b3f-75233161f1f2","key":"totalMrr","type":"System","meta":{"h":2,"w":4,"x":0,"y":4},"createdDate":"2023-10-31T12:49:12.764542Z","modifiedDate":"2023-10-31T12:49:12.764542Z"},{"id":"cac6c58f-441c-41d4-9ab7-498767af3ee2","dashboardLayoutId":"8257a216-7a7a-463c-9b3f-75233161f1f2","key":"newMrr","type":"System","meta":{"h":2,"w":4,"x":4,"y":4},"createdDate":"2023-10-31T12:49:12.766721Z","modifiedDate":"2023-10-31T12:49:12.766721Z"},{"id":"27c2db6a-2fbc-4c96-bf29-7fa621d20e75","dashboardLayoutId":"8257a216-7a7a-463c-9b3f-75233161f1f2","key":"churnMrr","type":"System","meta":{"h":2,"w":4,"x":8,"y":4},"createdDate":"2023-10-31T12:49:12.77127Z","modifiedDate":"2023-10-31T12:49:12.77127Z"},{"id":"9ec03a53-15af-4fff-8d9b-b6f158ba8095","dashboardLayoutId":"8257a216-7a7a-463c-9b3f-75233161f1f2","key":"newCustomers","type":"System","meta":{"h":2,"w":6,"x":0,"y":6},"createdDate":"2023-10-31T12:49:12.772916Z","modifiedDate":"2023-10-31T12:49:12.772916Z"},{"id":"241087a4-911c-44a8-99a8-3da83df8f2a8","dashboardLayoutId":"8257a216-7a7a-463c-9b3f-75233161f1f2","key":"logoChurn","type":"System","meta":{"h":2,"w":6,"x":6,"y":6},"createdDate":"2023-10-31T12:49:12.774589Z","modifiedDate":"2023-10-31T12:49:12.774589Z"},{"id":"a565e876-4412-4bd7-90ec-84674d79f0ca","dashboardLayoutId":"8257a216-7a7a-463c-9b3f-75233161f1f2","key":"totalExpenses","type":"System","meta":{"h":2,"w":6,"x":0,"y":8},"createdDate":"2023-10-31T12:49:12.78008Z","modifiedDate":"2023-10-31T12:49:12.78008Z"},{"id":"0b3ac220-0875-408e-9b33-c14639ae88cf","dashboardLayoutId":"8257a216-7a7a-463c-9b3f-75233161f1f2","key":"totalPayroll","type":"System","meta":{"h":2,"w":6,"x":6,"y":8},"createdDate":"2023-10-31T12:49:12.788727Z","modifiedDate":"2023-10-31T12:49:12.788727Z"},{"id":"4b8be44e-c456-4259-bb5a-ca72a9f02b6f","dashboardLayoutId":"8257a216-7a7a-463c-9b3f-75233161f1f2","key":"ARPA","type":"System","meta":{"h":2,"w":4,"x":0,"y":10},"createdDate":"2023-10-31T12:49:12.793431Z","modifiedDate":"2023-10-31T12:49:12.793431Z"},{"id":"26496d55-00e6-41cc-a778-c42eda1ead2c","dashboardLayoutId":"8257a216-7a7a-463c-9b3f-75233161f1f2","key":"totalCustomers","type":"System","meta":{"h":2,"w":4,"x":4,"y":10},"createdDate":"2023-10-31T12:49:12.799186Z","modifiedDate":"2023-10-31T12:49:12.799186Z"},{"id":"09aaf5d9-6036-4efe-b153-09da6e029add","dashboardLayoutId":"8257a216-7a7a-463c-9b3f-75233161f1f2","key":"grossMargin","type":"System","meta":{"h":2,"w":4,"x":8,"y":10},"createdDate":"2023-10-31T12:49:12.801299Z","modifiedDate":"2023-10-31T12:49:12.801299Z"},{"id":"752731c8-c056-45d4-af20-d9990975bfc5","dashboardLayoutId":"8257a216-7a7a-463c-9b3f-75233161f1f2","key":"customerLTV","type":"System","meta":{"h":2,"w":4,"x":0,"y":12},"createdDate":"2023-10-31T12:49:12.803472Z","modifiedDate":"2023-10-31T12:49:12.803472Z"},{"id":"07188893-c86a-42aa-ac26-97351671797a","dashboardLayoutId":"8257a216-7a7a-463c-9b3f-75233161f1f2","key":"CAC","type":"System","meta":{"h":2,"w":4,"x":4,"y":12},"createdDate":"2023-10-31T12:49:12.810025Z","modifiedDate":"2023-10-31T12:49:12.810025Z"},{"id":"2d7025ac-8fb6-4eab-9fd5-2e7a4c6ad01e","dashboardLayoutId":"8257a216-7a7a-463c-9b3f-75233161f1f2","key":"CACPayback","type":"System","meta":{"h":2,"w":4,"x":8,"y":12},"createdDate":"2023-10-31T12:49:12.813677Z","modifiedDate":"2023-10-31T12:49:12.813677Z"}],"createdDate":"2023-10-31T12:49:12.535526Z","modifiedDate":"2023-10-31T12:49:12.535526Z","name":"Default","isDefault":true}],"error":null,"success":true}
]]></system-out>
  </testcase>
</testsuite>