<?xml version="1.0" encoding="UTF-8"?>
<!-- Generated by org.testng.reporters.JUnitReportReporter -->
<testsuite hostname="MININT-6SH45PE" failures="0" tests="2" name="com.parallel.universe.tests.APITestScenarios" time="12.501" errors="0" timestamp="2023-12-04T20:48:08 PKT" skipped="0">
  <testcase classname="com.parallel.universe.tests.APITestScenarios" name="DashboardLayoutFinmarkCS" time="8.851"/>
  <testcase classname="com.parallel.universe.tests.APITestScenarios" name="DashboardLayoutWithAssert" time="3.650"/>
</testsuite> <!-- com.parallel.universe.tests.APITestScenarios -->
