<?xml version="1.0" encoding="UTF-8"?>
<!-- Generated by org.testng.reporters.JUnitReportReporter -->
<testsuite hostname="MININT-6SH45PE" failures="0" tests="1" name="com.parallel.universe.tests.AppiumTestScenarios" time="21.003" errors="0" timestamp="2023-12-04T20:48:08 PKT" skipped="0">
  <testcase classname="com.parallel.universe.tests.AppiumTestScenarios" name="PreferenceTest" time="21.003"/>
</testsuite> <!-- com.parallel.universe.tests.AppiumTestScenarios -->
