<?xml version="1.0" encoding="UTF-8"?>
<!-- Generated by org.testng.reporters.JUnitReportReporter -->
<testsuite hostname="MININT-6SH45PE" failures="0" tests="1" name="com.parallel.universe.tests.AppiumTestScenarios" time="45.823" errors="0" timestamp="2023-12-04T00:57:50 PKT" skipped="0">
  <testcase classname="com.parallel.universe.tests.AppiumTestScenarios" name="PreferenceTest" time="45.823"/>
  <system-out/>
</testsuite> <!-- com.parallel.universe.tests.AppiumTestScenarios -->
