<?xml version="1.0" encoding="UTF-8"?>
<!-- Generated by org.testng.reporters.JUnitReportReporter -->
<testsuite hostname="MININT-6SH45PE" failures="0" tests="3" name="com.parallel.universe.tests.SauceDemoWebTest" time="42.016" errors="0" timestamp="2023-12-04T20:48:08 PKT" skipped="0">
  <testcase classname="com.parallel.universe.tests.SauceDemoWebTest" name="loginTestFailed" time="6.762"/>
  <testcase classname="com.parallel.universe.tests.SauceDemoWebTest" name="productSelect" time="16.228"/>
  <testcase classname="com.parallel.universe.tests.SauceDemoWebTest" name="loginTest" time="19.026"/>
</testsuite> <!-- com.parallel.universe.tests.SauceDemoWebTest -->
