<?xml version="1.0" encoding="UTF-8"?>
<!-- Generated by org.testng.reporters.JUnitReportReporter -->
<testsuite hostname="MININT-6SH45PE" failures="0" tests="2" name="com.parallel.universe.tests.APITestScenarios" time="11.266" errors="0" timestamp="2023-12-13T16:08:02 PKT" skipped="0">
  <testcase classname="com.parallel.universe.tests.APITestScenarios" name="DashboardLayoutFinmarkCS" time="7.675"/>
  <testcase classname="com.parallel.universe.tests.APITestScenarios" name="DashboardLayoutWithAssert" time="3.591"/>
</testsuite> <!-- com.parallel.universe.tests.APITestScenarios -->
