<?xml version="1.0" encoding="UTF-8"?>
<!-- Generated by org.testng.reporters.JUnitReportReporter -->
<testsuite hostname="MININT-6SH45PE" failures="0" tests="3" name="com.parallel.universe.tests.SauceDemoWebTest" time="32.243" errors="0" timestamp="2023-12-10T14:23:00 PKT" skipped="0">
  <testcase classname="com.parallel.universe.tests.SauceDemoWebTest" name="loginTest" time="6.975"/>
  <testcase classname="com.parallel.universe.tests.SauceDemoWebTest" name="productSelect" time="19.303"/>
  <testcase classname="com.parallel.universe.tests.SauceDemoWebTest" name="loginTestFailed" time="5.965"/>
</testsuite> <!-- com.parallel.universe.tests.SauceDemoWebTest -->
