<?xml version="1.0" encoding="UTF-8"?>
<!-- Generated by org.testng.reporters.JUnitReportReporter -->
<testsuite hostname="MININT-6SH45PE" failures="0" tests="3" name="com.parallel.universe.tests.SauceDemoWebTest" time="32.364" errors="0" timestamp="2023-12-13T16:01:55 PKT" skipped="0">
  <testcase classname="com.parallel.universe.tests.SauceDemoWebTest" name="loginTest" time="13.091"/>
  <testcase classname="com.parallel.universe.tests.SauceDemoWebTest" name="loginTestFailed" time="6.246"/>
  <testcase classname="com.parallel.universe.tests.SauceDemoWebTest" name="productSelect" time="13.027"/>
</testsuite> <!-- com.parallel.universe.tests.SauceDemoWebTest -->
