<?xml version="1.0" encoding="UTF-8"?>
<!-- Generated by org.testng.reporters.JUnitReportReporter -->
<testsuite hostname="MININT-6SH45PE" failures="0" tests="1" name="com.parallel.universe.tests.AppiumTestScenarios" time="18.788" errors="0" timestamp="2023-12-04T19:29:33 PKT" skipped="0">
  <testcase classname="com.parallel.universe.tests.AppiumTestScenarios" name="PreferenceTest" time="18.788"/>
</testsuite> <!-- com.parallel.universe.tests.AppiumTestScenarios -->
